<?xml version="1.0" encoding="UTF-8"?>
<!-- Generated by org.testng.reporters.JUnitReportReporter -->
<testsuite skipped="0" hostname="DESKTOP-S12839G" name="Exercise.TestCases" tests="7" failures="0" timestamp="2021-01-07T13:25:24 EST" time="0.013" errors="0">
  <testcase name="checkSentense" time="0.001" classname="Exercise.TestCases"/>
  <system-out/>
  <testcase name="checkSentense" time="0.001" classname="Exercise.TestCases"/>
  <system-out/>
  <testcase name="checkSentense" time="0.000" classname="Exercise.TestCases"/>
  <system-out/>
  <testcase name="checkSentense" time="0.001" classname="Exercise.TestCases"/>
  <system-out/>
  <testcase name="checkSentense" time="0.001" classname="Exercise.TestCases"/>
  <system-out/>
  <testcase name="checkSentense" time="0.008" classname="Exercise.TestCases"/>
  <system-out/>
  <testcase name="checkSentense" time="0.001" classname="Exercise.TestCases"/>
  <system-out/>
</testsuite> <!-- Exercise.TestCases -->
