<?xml version="1.0" encoding="UTF-8"?>
<!-- Generated by org.testng.reporters.JUnitReportReporter -->
<testsuite skipped="0" hostname="DESKTOP-S12839G" name="Exercise.TestCases" tests="3" failures="0" timestamp="2021-01-05T08:17:27 EST" time="0.008" errors="0">
  <testcase name="testMethod" time="0.001" classname="Exercise.TestCases"/>
  <system-out/>
  <testcase name="testMethod" time="0.006" classname="Exercise.TestCases"/>
  <system-out/>
  <testcase name="testMethod" time="0.001" classname="Exercise.TestCases"/>
  <system-out/>
</testsuite> <!-- Exercise.TestCases -->
